<?xml version="1.0" encoding="UTF-8"?>
<testng-results ignored="2" total="4" passed="1" failed="1" skipped="0">
  <reporter-output>
  </reporter-output>
  <suite started-at="2023-03-11T18:19:19 IST" name="Include_Exclude_Methods" finished-at="2023-03-11T18:19:54 IST" duration-ms="35278">
    <groups>
    </groups>
    <test started-at="2023-03-11T18:19:19 IST" name="test" finished-at="2023-03-11T18:19:54 IST" duration-ms="35278">
      <class name="com.SDET.eBayHomeSanity">
        <test-method is-config="true" signature="setup()[pri:0, instance:com.SDET.eBayHomeSanity@5f9b2141]" started-at="2023-03-11T18:19:19 IST" name="setup" finished-at="2023-03-11T18:19:29 IST" duration-ms="10182" status="PASS">
          <reporter-output>
          </reporter-output>
        </test-method> <!-- setup -->
        <test-method signature="empty_Search_test()[pri:0, instance:com.SDET.eBayHomeSanity@5f9b2141]" started-at="2023-03-11T18:19:29 IST" name="empty_Search_test" finished-at="2023-03-11T18:19:33 IST" duration-ms="3711" status="FAIL">
          <exception class="java.lang.AssertionError">
            <message>
              <![CDATA[Verify titles of new page expected [https://www.ebay.com/n/all-categories] but found [Shop by Category | eBay]]]>
            </message>
            <full-stacktrace>
              <![CDATA[java.lang.AssertionError: Verify titles of new page expected [https://www.ebay.com/n/all-categories] but found [Shop by Category | eBay]
at org.testng.Assert.fail(Assert.java:99)
at org.testng.Assert.failNotEquals(Assert.java:1037)
at org.testng.Assert.assertEqualsImpl(Assert.java:140)
at org.testng.Assert.assertEquals(Assert.java:122)
at org.testng.Assert.assertEquals(Assert.java:629)
at com.SDET.eBayHomeSanity.empty_Search_test(eBayHomeSanity.java:44)
at java.base/jdk.internal.reflect.NativeMethodAccessorImpl.invoke0(Native Method)
at java.base/jdk.internal.reflect.NativeMethodAccessorImpl.invoke(NativeMethodAccessorImpl.java:62)
at java.base/jdk.internal.reflect.DelegatingMethodAccessorImpl.invoke(DelegatingMethodAccessorImpl.java:43)
at java.base/java.lang.reflect.Method.invoke(Method.java:566)
at org.testng.internal.MethodInvocationHelper.invokeMethod(MethodInvocationHelper.java:132)
at org.testng.internal.TestInvoker.invokeMethod(TestInvoker.java:599)
at org.testng.internal.TestInvoker.invokeTestMethod(TestInvoker.java:174)
at org.testng.internal.MethodRunner.runInSequence(MethodRunner.java:46)
at org.testng.internal.TestInvoker$MethodInvocationAgent.invoke(TestInvoker.java:822)
at org.testng.internal.TestInvoker.invokeTestMethods(TestInvoker.java:147)
at org.testng.internal.TestMethodWorker.invokeTestMethods(TestMethodWorker.java:146)
at org.testng.internal.TestMethodWorker.run(TestMethodWorker.java:128)
at java.base/java.util.ArrayList.forEach(ArrayList.java:1541)
at org.testng.TestRunner.privateRun(TestRunner.java:764)
at org.testng.TestRunner.run(TestRunner.java:585)
at org.testng.SuiteRunner.runTest(SuiteRunner.java:384)
at org.testng.SuiteRunner.runSequentially(SuiteRunner.java:378)
at org.testng.SuiteRunner.privateRun(SuiteRunner.java:337)
at org.testng.SuiteRunner.run(SuiteRunner.java:286)
at org.testng.SuiteRunnerWorker.runSuite(SuiteRunnerWorker.java:53)
at org.testng.SuiteRunnerWorker.run(SuiteRunnerWorker.java:96)
at org.testng.TestNG.runSuitesSequentially(TestNG.java:1218)
at org.testng.TestNG.runSuitesLocally(TestNG.java:1140)
at org.testng.TestNG.runSuites(TestNG.java:1069)
at org.testng.TestNG.run(TestNG.java:1037)
at org.testng.remote.AbstractRemoteTestNG.run(AbstractRemoteTestNG.java:115)
at org.testng.remote.RemoteTestNG.initAndRun(RemoteTestNG.java:251)
at org.testng.remote.RemoteTestNG.main(RemoteTestNG.java:77)
]]>
            </full-stacktrace>
          </exception> <!-- java.lang.AssertionError -->
          <reporter-output>
          </reporter-output>
        </test-method> <!-- empty_Search_test -->
        <test-method is-config="true" signature="tearDown()[pri:0, instance:com.SDET.eBayHomeSanity@5f9b2141]" started-at="2023-03-11T18:19:33 IST" name="tearDown" finished-at="2023-03-11T18:19:34 IST" duration-ms="593" status="PASS">
          <reporter-output>
          </reporter-output>
        </test-method> <!-- tearDown -->
      </class> <!-- com.SDET.eBayHomeSanity -->
      <class name="com.SDET.eBayAdvancedSearchSanity">
        <test-method is-config="true" signature="setUp()[pri:0, instance:com.SDET.eBayAdvancedSearchSanity@247d8ae]" started-at="2023-03-11T18:19:34 IST" name="setUp" finished-at="2023-03-11T18:19:46 IST" duration-ms="12826" status="PASS">
          <reporter-output>
          </reporter-output>
        </test-method> <!-- setUp -->
        <test-method signature="advancedSearch()[pri:0, instance:com.SDET.eBayAdvancedSearchSanity@247d8ae]" started-at="2023-03-11T18:19:46 IST" name="advancedSearch" finished-at="2023-03-11T18:19:54 IST" duration-ms="7714" status="PASS">
          <reporter-output>
          </reporter-output>
        </test-method> <!-- advancedSearch -->
        <test-method is-config="true" signature="tearDown()[pri:0, instance:com.SDET.eBayAdvancedSearchSanity@247d8ae]" started-at="2023-03-11T18:19:54 IST" name="tearDown" finished-at="2023-03-11T18:19:54 IST" duration-ms="183" status="PASS">
          <reporter-output>
          </reporter-output>
        </test-method> <!-- tearDown -->
      </class> <!-- com.SDET.eBayAdvancedSearchSanity -->
    </test> <!-- test -->
  </suite> <!-- Include_Exclude_Methods -->
</testng-results>
