<?xml version="1.0" encoding="UTF-8"?>
<!-- Generated by org.testng.reporters.JUnitXMLReporter -->
<testsuite ignored="2" hostname="DESKTOP-A8HT28E" failures="1" tests="2" name="test" time="35.278" errors="0" timestamp="2023-03-11T18:19:54 IST">
  <testcase classname="com.SDET.eBayHomeSanity" name="empty_Search_test" time="3.711">
    <failure type="java.lang.AssertionError" message="Verify titles of new page expected [https://www.ebay.com/n/all-categories] but found [Shop by Category | eBay]">
      <![CDATA[java.lang.AssertionError: Verify titles of new page expected [https://www.ebay.com/n/all-categories] but found [Shop by Category | eBay]
at com.SDET.eBayHomeSanity.empty_Search_test(eBayHomeSanity.java:44)
at java.base/java.util.ArrayList.forEach(ArrayList.java:1541)
... Removed 32 stack frames]]>
    </failure>
  </testcase> <!-- empty_Search_test -->
  <testcase classname="com.SDET.eBayAdvancedSearchSanity" name="advancedSearch" time="7.714"/>
  <testcase classname="com.SDET.eBayHomeSanity" name="softAssert" time="0.0">
    <ignored/>
  </testcase> <!-- softAssert -->
  <testcase classname="com.SDET.eBayAdvancedSearchSanity" name="allCategories" time="0.0">
    <ignored/>
  </testcase> <!-- allCategories -->
</testsuite> <!-- test -->
